<?xml version="1.0" encoding="UTF-8"?>
<!-- Generated by org.testng.reporters.JUnitReportReporter -->
<testsuite hostname="LAPTOP-7HTMUAGA" name="com.selenium.automation.scripts.Grouping_mechanism" tests="3" failures="0" timestamp="27 Dec 2019 06:20:30 GMT" time="0.011" errors="0">
  <testcase name="m1" time="0.008" classname="com.selenium.automation.scripts.Grouping_mechanism"/>
  <testcase name="m2" time="0.001" classname="com.selenium.automation.scripts.Grouping_mechanism"/>
  <testcase name="m3" time="0.002" classname="com.selenium.automation.scripts.Grouping_mechanism"/>
</testsuite> <!-- com.selenium.automation.scripts.Grouping_mechanism -->
