<?xml version="1.0" encoding="UTF-8"?>
<!-- Generated by org.testng.reporters.JUnitReportReporter -->
<testsuite hostname="LAPTOP-7HTMUAGA" name="com.selenium.automation.scripts.Grouping_Class2" tests="1" failures="0" timestamp="27 Dec 2019 06:20:30 GMT" time="0.001" errors="0">
  <testcase name="m5" time="0.001" classname="com.selenium.automation.scripts.Grouping_Class2"/>
</testsuite> <!-- com.selenium.automation.scripts.Grouping_Class2 -->
