<?xml version="1.0" encoding="UTF-8"?>
<!-- Generated by org.testng.reporters.JUnitReportReporter -->
<testsuite hostname="LAPTOP-7HTMUAGA" name="com.selenium.automation.scripts.Gmail1" tests="1" failures="0" timestamp="6 Jan 2020 14:57:16 GMT" time="10.938" errors="0">
  <testcase name="gmailLogin" time="10.938" classname="com.selenium.automation.scripts.Gmail1"/>
</testsuite> <!-- com.selenium.automation.scripts.Gmail1 -->
